{"C:\\Users\\usuario\\Desktop\\HuertoHogar-React\\HuertoHogar-react\\src\\css\\admin-productos.css": {"path":"C:\\Users\\usuario\\Desktop\\HuertoHogar-React\\HuertoHogar-react\\src\\css\\admin-productos.css","statementMap":{},"fnMap":{},"branchMap":{},"s":{},"f":{},"b":{},"meta":{"lastBranch":0,"lastFunction":0,"lastStatement":0,"seen":{}}}
,"C:\\Users\\usuario\\Desktop\\HuertoHogar-React\\HuertoHogar-react\\src\\css\\carrito.css": {"path":"C:\\Users\\usuario\\Desktop\\HuertoHogar-React\\HuertoHogar-react\\src\\css\\carrito.css","statementMap":{},"fnMap":{},"branchMap":{},"s":{},"f":{},"b":{},"meta":{"lastBranch":0,"lastFunction":0,"lastStatement":0,"seen":{}}}
,"C:\\Users\\usuario\\Desktop\\HuertoHogar-React\\HuertoHogar-react\\src\\css\\contacto.css": {"path":"C:\\Users\\usuario\\Desktop\\HuertoHogar-React\\HuertoHogar-react\\src\\css\\contacto.css","statementMap":{},"fnMap":{},"branchMap":{},"s":{},"f":{},"b":{},"meta":{"lastBranch":0,"lastFunction":0,"lastStatement":0,"seen":{}}}
,"C:\\Users\\usuario\\Desktop\\HuertoHogar-React\\HuertoHogar-react\\src\\css\\home.css": {"path":"C:\\Users\\usuario\\Desktop\\HuertoHogar-React\\HuertoHogar-react\\src\\css\\home.css","statementMap":{},"fnMap":{},"branchMap":{},"s":{},"f":{},"b":{},"meta":{"lastBranch":0,"lastFunction":0,"lastStatement":0,"seen":{}}}
,"C:\\Users\\usuario\\Desktop\\HuertoHogar-React\\HuertoHogar-react\\src\\css\\login-clientes.css": {"path":"C:\\Users\\usuario\\Desktop\\HuertoHogar-React\\HuertoHogar-react\\src\\css\\login-clientes.css","statementMap":{},"fnMap":{},"branchMap":{},"s":{},"f":{},"b":{},"meta":{"lastBranch":0,"lastFunction":0,"lastStatement":0,"seen":{}}}
,"C:\\Users\\usuario\\Desktop\\HuertoHogar-React\\HuertoHogar-react\\src\\css\\tienda.css": {"path":"C:\\Users\\usuario\\Desktop\\HuertoHogar-React\\HuertoHogar-react\\src\\css\\tienda.css","statementMap":{},"fnMap":{},"branchMap":{},"s":{},"f":{},"b":{},"meta":{"lastBranch":0,"lastFunction":0,"lastStatement":0,"seen":{}}}
,"C:\\Users\\usuario\\Desktop\\HuertoHogar-React\\HuertoHogar-react\\src\\pages\\AdminProductos.jsx": {"path":"C:\\Users\\usuario\\Desktop\\HuertoHogar-React\\HuertoHogar-react\\src\\pages\\AdminProductos.jsx","statementMap":{"0":{"start":{"line":6,"column":42},"end":{"line":6,"column":null}},"1":{"start":{"line":7,"column":34},"end":{"line":7,"column":null}},"2":{"start":{"line":8,"column":40},"end":{"line":8,"column":null}},"3":{"start":{"line":11,"column":2},"end":{"line":24,"column":null}},"4":{"start":{"line":12,"column":4},"end":{"line":23,"column":null}},"5":{"start":{"line":13,"column":19},"end":{"line":13,"column":null}},"6":{"start":{"line":14,"column":6},"end":{"line":19,"column":null}},"7":{"start":{"line":15,"column":8},"end":{"line":15,"column":null}},"8":{"start":{"line":17,"column":8},"end":{"line":17,"column":null}},"9":{"start":{"line":18,"column":8},"end":{"line":18,"column":null}},"10":{"start":{"line":21,"column":6},"end":{"line":21,"column":null}},"11":{"start":{"line":22,"column":6},"end":{"line":22,"column":null}},"12":{"start":{"line":27,"column":2},"end":{"line":35,"column":null}},"13":{"start":{"line":28,"column":4},"end":{"line":34,"column":null}},"14":{"start":{"line":29,"column":6},"end":{"line":29,"column":null}},"15":{"start":{"line":30,"column":6},"end":{"line":30,"column":null}},"16":{"start":{"line":33,"column":6},"end":{"line":33,"column":null}},"17":{"start":{"line":38,"column":24},"end":{"line":46,"column":null}},"18":{"start":{"line":39,"column":4},"end":{"line":45,"column":null}},"19":{"start":{"line":48,"column":29},"end":{"line":73,"column":null}},"20":{"start":{"line":49,"column":4},"end":{"line":58,"column":null}},"21":{"start":{"line":56,"column":6},"end":{"line":56,"column":null}},"22":{"start":{"line":57,"column":6},"end":{"line":57,"column":null}},"23":{"start":{"line":60,"column":4},"end":{"line":63,"column":null}},"24":{"start":{"line":61,"column":6},"end":{"line":61,"column":null}},"25":{"start":{"line":62,"column":6},"end":{"line":62,"column":null}},"26":{"start":{"line":65,"column":4},"end":{"line":68,"column":null}},"27":{"start":{"line":65,"column":35},"end":{"line":65,"column":60}},"28":{"start":{"line":66,"column":6},"end":{"line":66,"column":null}},"29":{"start":{"line":67,"column":6},"end":{"line":67,"column":null}},"30":{"start":{"line":70,"column":18},"end":{"line":70,"column":null}},"31":{"start":{"line":71,"column":4},"end":{"line":71,"column":null}},"32":{"start":{"line":71,"column":32},"end":{"line":71,"column":48}},"33":{"start":{"line":72,"column":4},"end":{"line":72,"column":null}},"34":{"start":{"line":76,"column":23},"end":{"line":76,"column":null}},"35":{"start":{"line":76,"column":31},"end":{"line":76,"column":null}},"36":{"start":{"line":79,"column":31},"end":{"line":84,"column":null}},"37":{"start":{"line":80,"column":4},"end":{"line":82,"column":null}},"38":{"start":{"line":81,"column":6},"end":{"line":81,"column":null}},"39":{"start":{"line":81,"column":23},"end":{"line":81,"column":73}},"40":{"start":{"line":83,"column":4},"end":{"line":83,"column":null}},"41":{"start":{"line":87,"column":25},"end":{"line":91,"column":null}},"42":{"start":{"line":88,"column":4},"end":{"line":90,"column":null}},"43":{"start":{"line":89,"column":6},"end":{"line":89,"column":null}},"44":{"start":{"line":89,"column":34},"end":{"line":89,"column":65}},"45":{"start":{"line":89,"column":53},"end":{"line":89,"column":64}},"46":{"start":{"line":93,"column":25},"end":{"line":96,"column":null}},"47":{"start":{"line":94,"column":4},"end":{"line":94,"column":null}},"48":{"start":{"line":95,"column":4},"end":{"line":95,"column":null}},"49":{"start":{"line":98,"column":2},"end":{"line":325,"column":null}},"50":{"start":{"line":125,"column":24},"end":{"line":125,"column":null}},"51":{"start":{"line":135,"column":24},"end":{"line":135,"column":null}},"52":{"start":{"line":145,"column":24},"end":{"line":145,"column":null}},"53":{"start":{"line":156,"column":24},"end":{"line":156,"column":null}},"54":{"start":{"line":173,"column":24},"end":{"line":173,"column":null}},"55":{"start":{"line":196,"column":16},"end":{"line":314,"column":null}},"56":{"start":{"line":205,"column":26},"end":{"line":211,"column":null}},"57":{"start":{"line":206,"column":28},"end":{"line":210,"column":null}},"58":{"start":{"line":207,"column":30},"end":{"line":209,"column":null}},"59":{"start":{"line":221,"column":26},"end":{"line":227,"column":null}},"60":{"start":{"line":222,"column":28},"end":{"line":226,"column":null}},"61":{"start":{"line":223,"column":30},"end":{"line":225,"column":null}},"62":{"start":{"line":237,"column":26},"end":{"line":243,"column":null}},"63":{"start":{"line":238,"column":28},"end":{"line":242,"column":null}},"64":{"start":{"line":239,"column":30},"end":{"line":241,"column":null}},"65":{"start":{"line":260,"column":26},"end":{"line":266,"column":null}},"66":{"start":{"line":261,"column":28},"end":{"line":265,"column":null}},"67":{"start":{"line":262,"column":30},"end":{"line":264,"column":null}},"68":{"start":{"line":274,"column":26},"end":{"line":274,"column":null}},"69":{"start":{"line":303,"column":39},"end":{"line":303,"column":null}},"70":{"start":{"line":309,"column":39},"end":{"line":309,"column":null}}},"fnMap":{"0":{"name":"AdminProductos","decl":{"start":{"line":5,"column":24},"end":{"line":5,"column":41}},"loc":{"start":{"line":5,"column":41},"end":{"line":327,"column":null}},"line":5},"1":{"name":"(anonymous_1)","decl":{"start":{"line":11,"column":12},"end":{"line":11,"column":18}},"loc":{"start":{"line":11,"column":18},"end":{"line":24,"column":5}},"line":11},"2":{"name":"(anonymous_2)","decl":{"start":{"line":27,"column":12},"end":{"line":27,"column":18}},"loc":{"start":{"line":27,"column":18},"end":{"line":35,"column":5}},"line":27},"3":{"name":"(anonymous_3)","decl":{"start":{"line":38,"column":24},"end":{"line":38,"column":30}},"loc":{"start":{"line":38,"column":30},"end":{"line":46,"column":null}},"line":38},"4":{"name":"(anonymous_4)","decl":{"start":{"line":48,"column":29},"end":{"line":48,"column":35}},"loc":{"start":{"line":48,"column":35},"end":{"line":73,"column":null}},"line":48},"5":{"name":"(anonymous_5)","decl":{"start":{"line":65,"column":28},"end":{"line":65,"column":29}},"loc":{"start":{"line":65,"column":35},"end":{"line":65,"column":60}},"line":65},"6":{"name":"(anonymous_6)","decl":{"start":{"line":71,"column":22},"end":{"line":71,"column":23}},"loc":{"start":{"line":71,"column":32},"end":{"line":71,"column":48}},"line":71},"7":{"name":"(anonymous_7)","decl":{"start":{"line":76,"column":23},"end":{"line":76,"column":24}},"loc":{"start":{"line":76,"column":31},"end":{"line":76,"column":null}},"line":76},"8":{"name":"(anonymous_8)","decl":{"start":{"line":79,"column":31},"end":{"line":79,"column":32}},"loc":{"start":{"line":79,"column":59},"end":{"line":84,"column":null}},"line":79},"9":{"name":"(anonymous_9)","decl":{"start":{"line":80,"column":22},"end":{"line":80,"column":23}},"loc":{"start":{"line":81,"column":6},"end":{"line":81,"column":null}},"line":81},"10":{"name":"(anonymous_10)","decl":{"start":{"line":81,"column":15},"end":{"line":81,"column":16}},"loc":{"start":{"line":81,"column":23},"end":{"line":81,"column":73}},"line":81},"11":{"name":"(anonymous_11)","decl":{"start":{"line":87,"column":25},"end":{"line":87,"column":26}},"loc":{"start":{"line":87,"column":33},"end":{"line":91,"column":null}},"line":87},"12":{"name":"(anonymous_12)","decl":{"start":{"line":89,"column":24},"end":{"line":89,"column":25}},"loc":{"start":{"line":89,"column":34},"end":{"line":89,"column":65}},"line":89},"13":{"name":"(anonymous_13)","decl":{"start":{"line":89,"column":46},"end":{"line":89,"column":47}},"loc":{"start":{"line":89,"column":53},"end":{"line":89,"column":64}},"line":89},"14":{"name":"(anonymous_14)","decl":{"start":{"line":93,"column":25},"end":{"line":93,"column":31}},"loc":{"start":{"line":93,"column":31},"end":{"line":96,"column":null}},"line":93},"15":{"name":"(anonymous_15)","decl":{"start":{"line":124,"column":32},"end":{"line":124,"column":33}},"loc":{"start":{"line":125,"column":24},"end":{"line":125,"column":null}},"line":125},"16":{"name":"(anonymous_16)","decl":{"start":{"line":134,"column":32},"end":{"line":134,"column":33}},"loc":{"start":{"line":135,"column":24},"end":{"line":135,"column":null}},"line":135},"17":{"name":"(anonymous_17)","decl":{"start":{"line":144,"column":32},"end":{"line":144,"column":33}},"loc":{"start":{"line":145,"column":24},"end":{"line":145,"column":null}},"line":145},"18":{"name":"(anonymous_18)","decl":{"start":{"line":155,"column":32},"end":{"line":155,"column":33}},"loc":{"start":{"line":156,"column":24},"end":{"line":156,"column":null}},"line":156},"19":{"name":"(anonymous_19)","decl":{"start":{"line":172,"column":32},"end":{"line":172,"column":33}},"loc":{"start":{"line":173,"column":24},"end":{"line":173,"column":null}},"line":173},"20":{"name":"(anonymous_20)","decl":{"start":{"line":195,"column":34},"end":{"line":195,"column":35}},"loc":{"start":{"line":196,"column":16},"end":{"line":314,"column":null}},"line":196},"21":{"name":"(anonymous_21)","decl":{"start":{"line":204,"column":34},"end":{"line":204,"column":35}},"loc":{"start":{"line":205,"column":26},"end":{"line":211,"column":null}},"line":205},"22":{"name":"(anonymous_22)","decl":{"start":{"line":205,"column":44},"end":{"line":205,"column":45}},"loc":{"start":{"line":206,"column":28},"end":{"line":210,"column":null}},"line":206},"23":{"name":"(anonymous_23)","decl":{"start":{"line":206,"column":37},"end":{"line":206,"column":38}},"loc":{"start":{"line":207,"column":30},"end":{"line":209,"column":null}},"line":207},"24":{"name":"(anonymous_24)","decl":{"start":{"line":220,"column":34},"end":{"line":220,"column":35}},"loc":{"start":{"line":221,"column":26},"end":{"line":227,"column":null}},"line":221},"25":{"name":"(anonymous_25)","decl":{"start":{"line":221,"column":44},"end":{"line":221,"column":45}},"loc":{"start":{"line":222,"column":28},"end":{"line":226,"column":null}},"line":222},"26":{"name":"(anonymous_26)","decl":{"start":{"line":222,"column":37},"end":{"line":222,"column":38}},"loc":{"start":{"line":223,"column":30},"end":{"line":225,"column":null}},"line":223},"27":{"name":"(anonymous_27)","decl":{"start":{"line":236,"column":34},"end":{"line":236,"column":35}},"loc":{"start":{"line":237,"column":26},"end":{"line":243,"column":null}},"line":237},"28":{"name":"(anonymous_28)","decl":{"start":{"line":237,"column":44},"end":{"line":237,"column":45}},"loc":{"start":{"line":238,"column":28},"end":{"line":242,"column":null}},"line":238},"29":{"name":"(anonymous_29)","decl":{"start":{"line":238,"column":37},"end":{"line":238,"column":38}},"loc":{"start":{"line":239,"column":30},"end":{"line":241,"column":null}},"line":239},"30":{"name":"(anonymous_30)","decl":{"start":{"line":259,"column":34},"end":{"line":259,"column":35}},"loc":{"start":{"line":260,"column":26},"end":{"line":266,"column":null}},"line":260},"31":{"name":"(anonymous_31)","decl":{"start":{"line":260,"column":44},"end":{"line":260,"column":45}},"loc":{"start":{"line":261,"column":28},"end":{"line":265,"column":null}},"line":261},"32":{"name":"(anonymous_32)","decl":{"start":{"line":261,"column":37},"end":{"line":261,"column":38}},"loc":{"start":{"line":262,"column":30},"end":{"line":264,"column":null}},"line":262},"33":{"name":"(anonymous_33)","decl":{"start":{"line":273,"column":33},"end":{"line":273,"column":null}},"loc":{"start":{"line":274,"column":26},"end":{"line":274,"column":null}},"line":274},"34":{"name":"(anonymous_34)","decl":{"start":{"line":303,"column":33},"end":{"line":303,"column":39}},"loc":{"start":{"line":303,"column":39},"end":{"line":303,"column":null}},"line":303},"35":{"name":"(anonymous_35)","decl":{"start":{"line":309,"column":33},"end":{"line":309,"column":39}},"loc":{"start":{"line":309,"column":39},"end":{"line":309,"column":null}},"line":309}},"branchMap":{"0":{"loc":{"start":{"line":14,"column":6},"end":{"line":19,"column":null}},"type":"if","locations":[{"start":{"line":14,"column":6},"end":{"line":19,"column":null}},{"start":{"line":16,"column":13},"end":{"line":19,"column":null}}],"line":14},"1":{"loc":{"start":{"line":14,"column":10},"end":{"line":14,"column":50}},"type":"binary-expr","locations":[{"start":{"line":14,"column":10},"end":{"line":14,"column":33}},{"start":{"line":14,"column":33},"end":{"line":14,"column":50}}],"line":14},"2":{"loc":{"start":{"line":28,"column":4},"end":{"line":34,"column":null}},"type":"if","locations":[{"start":{"line":28,"column":4},"end":{"line":34,"column":null}},{"start":{},"end":{}}],"line":28},"3":{"loc":{"start":{"line":49,"column":4},"end":{"line":58,"column":null}},"type":"if","locations":[{"start":{"line":49,"column":4},"end":{"line":58,"column":null}},{"start":{},"end":{}}],"line":49},"4":{"loc":{"start":{"line":50,"column":6},"end":{"line":54,"column":null}},"type":"binary-expr","locations":[{"start":{"line":50,"column":6},"end":{"line":50,"column":null}},{"start":{"line":51,"column":6},"end":{"line":51,"column":null}},{"start":{"line":52,"column":6},"end":{"line":52,"column":null}},{"start":{"line":53,"column":6},"end":{"line":53,"column":null}},{"start":{"line":54,"column":6},"end":{"line":54,"column":null}}],"line":50},"5":{"loc":{"start":{"line":60,"column":4},"end":{"line":63,"column":null}},"type":"if","locations":[{"start":{"line":60,"column":4},"end":{"line":63,"column":null}},{"start":{},"end":{}}],"line":60},"6":{"loc":{"start":{"line":65,"column":4},"end":{"line":68,"column":null}},"type":"if","locations":[{"start":{"line":65,"column":4},"end":{"line":68,"column":null}},{"start":{},"end":{}}],"line":65},"7":{"loc":{"start":{"line":81,"column":23},"end":{"line":81,"column":73}},"type":"cond-expr","locations":[{"start":{"line":81,"column":37},"end":{"line":81,"column":71}},{"start":{"line":81,"column":71},"end":{"line":81,"column":73}}],"line":81},"8":{"loc":{"start":{"line":88,"column":4},"end":{"line":90,"column":null}},"type":"if","locations":[{"start":{"line":88,"column":4},"end":{"line":90,"column":null}},{"start":{},"end":{}}],"line":88},"9":{"loc":{"start":{"line":117,"column":15},"end":{"line":191,"column":null}},"type":"binary-expr","locations":[{"start":{"line":117,"column":15},"end":{"line":117,"column":null}},{"start":{"line":118,"column":16},"end":{"line":191,"column":null}}],"line":117},"10":{"loc":{"start":{"line":159,"column":21},"end":{"line":164,"column":null}},"type":"binary-expr","locations":[{"start":{"line":159,"column":21},"end":{"line":159,"column":null}},{"start":{"line":160,"column":22},"end":{"line":164,"column":null}}],"line":159},"11":{"loc":{"start":{"line":196,"column":16},"end":{"line":314,"column":null}},"type":"cond-expr","locations":[{"start":{"line":197,"column":18},"end":{"line":286,"column":null}},{"start":{"line":288,"column":18},"end":{"line":314,"column":null}}],"line":196},"12":{"loc":{"start":{"line":207,"column":30},"end":{"line":209,"column":null}},"type":"cond-expr","locations":[{"start":{"line":208,"column":34},"end":{"line":208,"column":null}},{"start":{"line":209,"column":34},"end":{"line":209,"column":null}}],"line":207},"13":{"loc":{"start":{"line":223,"column":30},"end":{"line":225,"column":null}},"type":"cond-expr","locations":[{"start":{"line":224,"column":34},"end":{"line":224,"column":null}},{"start":{"line":225,"column":34},"end":{"line":225,"column":null}}],"line":223},"14":{"loc":{"start":{"line":239,"column":30},"end":{"line":241,"column":null}},"type":"cond-expr","locations":[{"start":{"line":240,"column":34},"end":{"line":240,"column":null}},{"start":{"line":241,"column":34},"end":{"line":241,"column":null}}],"line":239},"15":{"loc":{"start":{"line":246,"column":23},"end":{"line":251,"column":null}},"type":"binary-expr","locations":[{"start":{"line":246,"column":23},"end":{"line":246,"column":null}},{"start":{"line":247,"column":24},"end":{"line":251,"column":null}}],"line":246},"16":{"loc":{"start":{"line":262,"column":30},"end":{"line":264,"column":null}},"type":"cond-expr","locations":[{"start":{"line":263,"column":34},"end":{"line":263,"column":null}},{"start":{"line":264,"column":34},"end":{"line":264,"column":null}}],"line":262}},"s":{"0":63,"1":63,"2":63,"3":63,"4":12,"5":12,"6":12,"7":4,"8":8,"9":8,"10":0,"11":0,"12":63,"13":30,"14":17,"15":17,"16":17,"17":63,"18":6,"19":63,"20":6,"21":1,"22":1,"23":5,"24":1,"25":1,"26":4,"27":4,"28":1,"29":1,"30":3,"31":3,"32":3,"33":3,"34":63,"35":1,"36":63,"37":1,"38":1,"39":1,"40":1,"41":63,"42":1,"43":1,"44":1,"45":1,"46":63,"47":1,"48":1,"49":63,"50":5,"51":5,"52":5,"53":5,"54":5,"55":53,"56":1,"57":1,"58":1,"59":0,"60":0,"61":0,"62":0,"63":0,"64":0,"65":0,"66":0,"67":0,"68":1,"69":1,"70":1},"f":{"0":63,"1":12,"2":30,"3":6,"4":6,"5":4,"6":3,"7":1,"8":1,"9":1,"10":1,"11":1,"12":1,"13":1,"14":1,"15":5,"16":5,"17":5,"18":5,"19":5,"20":53,"21":1,"22":1,"23":1,"24":0,"25":0,"26":0,"27":0,"28":0,"29":0,"30":0,"31":0,"32":0,"33":1,"34":1,"35":1},"b":{"0":[4,8],"1":[12,11],"2":[17,13],"3":[1,5],"4":[6,5,5,5,5],"5":[1,4],"6":[1,3],"7":[1,0],"8":[1,0],"9":[63,31],"10":[31,10],"11":[2,51],"12":[1,0],"13":[0,0],"14":[0,0],"15":[2,2],"16":[0,0]},"meta":{"lastBranch":17,"lastFunction":36,"lastStatement":71,"seen":{"f:5:24:5:41":0,"s:6:42:6:Infinity":0,"s:7:34:7:Infinity":1,"s:8:40:8:Infinity":2,"s:11:2:24:Infinity":3,"f:11:12:11:18":1,"s:12:4:23:Infinity":4,"s:13:19:13:Infinity":5,"b:14:6:19:Infinity:16:13:19:Infinity":0,"s:14:6:19:Infinity":6,"b:14:10:14:33:14:33:14:50":1,"s:15:8:15:Infinity":7,"s:17:8:17:Infinity":8,"s:18:8:18:Infinity":9,"s:21:6:21:Infinity":10,"s:22:6:22:Infinity":11,"s:27:2:35:Infinity":12,"f:27:12:27:18":2,"b:28:4:34:Infinity:undefined:undefined:undefined:undefined":2,"s:28:4:34:Infinity":13,"s:29:6:29:Infinity":14,"s:30:6:30:Infinity":15,"s:33:6:33:Infinity":16,"s:38:24:46:Infinity":17,"f:38:24:38:30":3,"s:39:4:45:Infinity":18,"s:48:29:73:Infinity":19,"f:48:29:48:35":4,"b:49:4:58:Infinity:undefined:undefined:undefined:undefined":3,"s:49:4:58:Infinity":20,"b:50:6:50:Infinity:51:6:51:Infinity:52:6:52:Infinity:53:6:53:Infinity:54:6:54:Infinity":4,"s:56:6:56:Infinity":21,"s:57:6:57:Infinity":22,"b:60:4:63:Infinity:undefined:undefined:undefined:undefined":5,"s:60:4:63:Infinity":23,"s:61:6:61:Infinity":24,"s:62:6:62:Infinity":25,"b:65:4:68:Infinity:undefined:undefined:undefined:undefined":6,"s:65:4:68:Infinity":26,"f:65:28:65:29":5,"s:65:35:65:60":27,"s:66:6:66:Infinity":28,"s:67:6:67:Infinity":29,"s:70:18:70:Infinity":30,"s:71:4:71:Infinity":31,"f:71:22:71:23":6,"s:71:32:71:48":32,"s:72:4:72:Infinity":33,"s:76:23:76:Infinity":34,"f:76:23:76:24":7,"s:76:31:76:Infinity":35,"s:79:31:84:Infinity":36,"f:79:31:79:32":8,"s:80:4:82:Infinity":37,"f:80:22:80:23":9,"s:81:6:81:Infinity":38,"f:81:15:81:16":10,"s:81:23:81:73":39,"b:81:37:81:71:81:71:81:73":7,"s:83:4:83:Infinity":40,"s:87:25:91:Infinity":41,"f:87:25:87:26":11,"b:88:4:90:Infinity:undefined:undefined:undefined:undefined":8,"s:88:4:90:Infinity":42,"s:89:6:89:Infinity":43,"f:89:24:89:25":12,"s:89:34:89:65":44,"f:89:46:89:47":13,"s:89:53:89:64":45,"s:93:25:96:Infinity":46,"f:93:25:93:31":14,"s:94:4:94:Infinity":47,"s:95:4:95:Infinity":48,"s:98:2:325:Infinity":49,"b:117:15:117:Infinity:118:16:191:Infinity":9,"f:124:32:124:33":15,"s:125:24:125:Infinity":50,"f:134:32:134:33":16,"s:135:24:135:Infinity":51,"f:144:32:144:33":17,"s:145:24:145:Infinity":52,"f:155:32:155:33":18,"s:156:24:156:Infinity":53,"b:159:21:159:Infinity:160:22:164:Infinity":10,"f:172:32:172:33":19,"s:173:24:173:Infinity":54,"f:195:34:195:35":20,"s:196:16:314:Infinity":55,"b:197:18:286:Infinity:288:18:314:Infinity":11,"f:204:34:204:35":21,"s:205:26:211:Infinity":56,"f:205:44:205:45":22,"s:206:28:210:Infinity":57,"f:206:37:206:38":23,"s:207:30:209:Infinity":58,"b:208:34:208:Infinity:209:34:209:Infinity":12,"f:220:34:220:35":24,"s:221:26:227:Infinity":59,"f:221:44:221:45":25,"s:222:28:226:Infinity":60,"f:222:37:222:38":26,"s:223:30:225:Infinity":61,"b:224:34:224:Infinity:225:34:225:Infinity":13,"f:236:34:236:35":27,"s:237:26:243:Infinity":62,"f:237:44:237:45":28,"s:238:28:242:Infinity":63,"f:238:37:238:38":29,"s:239:30:241:Infinity":64,"b:240:34:240:Infinity:241:34:241:Infinity":14,"b:246:23:246:Infinity:247:24:251:Infinity":15,"f:259:34:259:35":30,"s:260:26:266:Infinity":65,"f:260:44:260:45":31,"s:261:28:265:Infinity":66,"f:261:37:261:38":32,"s:262:30:264:Infinity":67,"b:263:34:263:Infinity:264:34:264:Infinity":16,"f:273:33:273:Infinity":33,"s:274:26:274:Infinity":68,"f:303:33:303:39":34,"s:303:39:303:Infinity":69,"f:309:33:309:39":35,"s:309:39:309:Infinity":70}}}
,"C:\\Users\\usuario\\Desktop\\HuertoHogar-React\\HuertoHogar-react\\src\\pages\\Carrito.jsx": {"path":"C:\\Users\\usuario\\Desktop\\HuertoHogar-React\\HuertoHogar-react\\src\\pages\\Carrito.jsx","statementMap":{"0":{"start":{"line":8,"column":28},"end":{"line":8,"column":null}},"1":{"start":{"line":9,"column":46},"end":{"line":9,"column":null}},"2":{"start":{"line":11,"column":2},"end":{"line":13,"column":null}},"3":{"start":{"line":12,"column":4},"end":{"line":12,"column":null}},"4":{"start":{"line":15,"column":24},"end":{"line":29,"column":null}},"5":{"start":{"line":16,"column":10},"end":{"line":16,"column":null}},"6":{"start":{"line":17,"column":4},"end":{"line":17,"column":null}},"7":{"start":{"line":19,"column":22},"end":{"line":27,"column":null}},"8":{"start":{"line":20,"column":21},"end":{"line":20,"column":null}},"9":{"start":{"line":21,"column":6},"end":{"line":25,"column":null}},"10":{"start":{"line":22,"column":8},"end":{"line":24,"column":null}},"11":{"start":{"line":23,"column":10},"end":{"line":23,"column":null}},"12":{"start":{"line":26,"column":6},"end":{"line":26,"column":null}},"13":{"start":{"line":28,"column":4},"end":{"line":28,"column":null}},"14":{"start":{"line":31,"column":33},"end":{"line":34,"column":null}},"15":{"start":{"line":32,"column":4},"end":{"line":32,"column":null}},"16":{"start":{"line":33,"column":4},"end":{"line":33,"column":null}},"17":{"start":{"line":36,"column":32},"end":{"line":39,"column":null}},"18":{"start":{"line":37,"column":4},"end":{"line":37,"column":null}},"19":{"start":{"line":38,"column":4},"end":{"line":38,"column":null}},"20":{"start":{"line":42,"column":34},"end":{"line":45,"column":null}},"21":{"start":{"line":43,"column":4},"end":{"line":43,"column":null}},"22":{"start":{"line":44,"column":4},"end":{"line":44,"column":null}},"23":{"start":{"line":47,"column":32},"end":{"line":49,"column":null}},"24":{"start":{"line":48,"column":4},"end":{"line":48,"column":null}},"25":{"start":{"line":48,"column":56},"end":{"line":48,"column":83}},"26":{"start":{"line":51,"column":24},"end":{"line":53,"column":null}},"27":{"start":{"line":52,"column":4},"end":{"line":52,"column":null}},"28":{"start":{"line":52,"column":56},"end":{"line":52,"column":103}},"29":{"start":{"line":56,"column":2},"end":{"line":74,"column":null}},"30":{"start":{"line":57,"column":4},"end":{"line":72,"column":null}},"31":{"start":{"line":77,"column":2},"end":{"line":209,"column":null}},"32":{"start":{"line":93,"column":16},"end":{"line":149,"column":null}},"33":{"start":{"line":118,"column":41},"end":{"line":118,"column":null}},"34":{"start":{"line":128,"column":41},"end":{"line":128,"column":null}},"35":{"start":{"line":143,"column":39},"end":{"line":143,"column":null}},"36":{"start":{"line":165,"column":18},"end":{"line":174,"column":null}}},"fnMap":{"0":{"name":"Carrito","decl":{"start":{"line":7,"column":9},"end":{"line":7,"column":19}},"loc":{"start":{"line":7,"column":19},"end":{"line":211,"column":null}},"line":7},"1":{"name":"(anonymous_1)","decl":{"start":{"line":11,"column":12},"end":{"line":11,"column":18}},"loc":{"start":{"line":11,"column":18},"end":{"line":13,"column":5}},"line":11},"2":{"name":"(anonymous_2)","decl":{"start":{"line":15,"column":24},"end":{"line":15,"column":30}},"loc":{"start":{"line":15,"column":30},"end":{"line":29,"column":null}},"line":15},"3":{"name":"(anonymous_3)","decl":{"start":{"line":19,"column":39},"end":{"line":19,"column":47}},"loc":{"start":{"line":19,"column":47},"end":{"line":27,"column":5}},"line":19},"4":{"name":"(anonymous_4)","decl":{"start":{"line":21,"column":24},"end":{"line":21,"column":29}},"loc":{"start":{"line":21,"column":29},"end":{"line":25,"column":7}},"line":21},"5":{"name":"(anonymous_5)","decl":{"start":{"line":31,"column":33},"end":{"line":31,"column":34}},"loc":{"start":{"line":31,"column":41},"end":{"line":34,"column":null}},"line":31},"6":{"name":"(anonymous_6)","decl":{"start":{"line":36,"column":32},"end":{"line":36,"column":33}},"loc":{"start":{"line":36,"column":40},"end":{"line":39,"column":null}},"line":36},"7":{"name":"(anonymous_7)","decl":{"start":{"line":42,"column":34},"end":{"line":42,"column":35}},"loc":{"start":{"line":42,"column":42},"end":{"line":45,"column":null}},"line":42},"8":{"name":"(anonymous_8)","decl":{"start":{"line":47,"column":32},"end":{"line":47,"column":38}},"loc":{"start":{"line":47,"column":38},"end":{"line":49,"column":null}},"line":47},"9":{"name":"(anonymous_9)","decl":{"start":{"line":48,"column":35},"end":{"line":48,"column":36}},"loc":{"start":{"line":48,"column":56},"end":{"line":48,"column":83}},"line":48},"10":{"name":"(anonymous_10)","decl":{"start":{"line":51,"column":24},"end":{"line":51,"column":30}},"loc":{"start":{"line":51,"column":30},"end":{"line":53,"column":null}},"line":51},"11":{"name":"(anonymous_11)","decl":{"start":{"line":52,"column":35},"end":{"line":52,"column":36}},"loc":{"start":{"line":52,"column":56},"end":{"line":52,"column":103}},"line":52},"12":{"name":"(anonymous_12)","decl":{"start":{"line":92,"column":36},"end":{"line":92,"column":null}},"loc":{"start":{"line":93,"column":16},"end":{"line":149,"column":null}},"line":93},"13":{"name":"(anonymous_13)","decl":{"start":{"line":118,"column":35},"end":{"line":118,"column":41}},"loc":{"start":{"line":118,"column":41},"end":{"line":118,"column":null}},"line":118},"14":{"name":"(anonymous_14)","decl":{"start":{"line":128,"column":35},"end":{"line":128,"column":41}},"loc":{"start":{"line":128,"column":41},"end":{"line":128,"column":null}},"line":128},"15":{"name":"(anonymous_15)","decl":{"start":{"line":143,"column":33},"end":{"line":143,"column":39}},"loc":{"start":{"line":143,"column":39},"end":{"line":143,"column":null}},"line":143},"16":{"name":"(anonymous_16)","decl":{"start":{"line":164,"column":38},"end":{"line":164,"column":null}},"loc":{"start":{"line":165,"column":18},"end":{"line":174,"column":null}},"line":165}},"branchMap":{"0":{"loc":{"start":{"line":22,"column":8},"end":{"line":24,"column":null}},"type":"if","locations":[{"start":{"line":22,"column":8},"end":{"line":24,"column":null}},{"start":{},"end":{}}],"line":22},"1":{"loc":{"start":{"line":56,"column":2},"end":{"line":74,"column":null}},"type":"if","locations":[{"start":{"line":56,"column":2},"end":{"line":74,"column":null}},{"start":{},"end":{}}],"line":56}},"s":{"0":8,"1":8,"2":8,"3":3,"4":8,"5":5,"6":5,"7":5,"8":6,"9":6,"10":12,"11":6,"12":6,"13":5,"14":8,"15":1,"16":1,"17":8,"18":1,"19":1,"20":8,"21":0,"22":0,"23":8,"24":5,"25":6,"26":8,"27":10,"28":12,"29":8,"30":3,"31":5,"32":6,"33":1,"34":1,"35":0,"36":6},"f":{"0":8,"1":3,"2":5,"3":6,"4":12,"5":1,"6":1,"7":0,"8":5,"9":6,"10":10,"11":12,"12":6,"13":1,"14":1,"15":0,"16":6},"b":{"0":[6,6],"1":[3,5]},"meta":{"lastBranch":2,"lastFunction":17,"lastStatement":37,"seen":{"f:7:9:7:19":0,"s:8:28:8:Infinity":0,"s:9:46:9:Infinity":1,"s:11:2:13:Infinity":2,"f:11:12:11:18":1,"s:12:4:12:Infinity":3,"s:15:24:29:Infinity":4,"f:15:24:15:30":2,"s:16:10:16:Infinity":5,"s:17:4:17:Infinity":6,"s:19:22:27:Infinity":7,"f:19:39:19:47":3,"s:20:21:20:Infinity":8,"s:21:6:25:Infinity":9,"f:21:24:21:29":4,"b:22:8:24:Infinity:undefined:undefined:undefined:undefined":0,"s:22:8:24:Infinity":10,"s:23:10:23:Infinity":11,"s:26:6:26:Infinity":12,"s:28:4:28:Infinity":13,"s:31:33:34:Infinity":14,"f:31:33:31:34":5,"s:32:4:32:Infinity":15,"s:33:4:33:Infinity":16,"s:36:32:39:Infinity":17,"f:36:32:36:33":6,"s:37:4:37:Infinity":18,"s:38:4:38:Infinity":19,"s:42:34:45:Infinity":20,"f:42:34:42:35":7,"s:43:4:43:Infinity":21,"s:44:4:44:Infinity":22,"s:47:32:49:Infinity":23,"f:47:32:47:38":8,"s:48:4:48:Infinity":24,"f:48:35:48:36":9,"s:48:56:48:83":25,"s:51:24:53:Infinity":26,"f:51:24:51:30":10,"s:52:4:52:Infinity":27,"f:52:35:52:36":11,"s:52:56:52:103":28,"b:56:2:74:Infinity:undefined:undefined:undefined:undefined":1,"s:56:2:74:Infinity":29,"s:57:4:72:Infinity":30,"s:77:2:209:Infinity":31,"f:92:36:92:Infinity":12,"s:93:16:149:Infinity":32,"f:118:35:118:41":13,"s:118:41:118:Infinity":33,"f:128:35:128:41":14,"s:128:41:128:Infinity":34,"f:143:33:143:39":15,"s:143:39:143:Infinity":35,"f:164:38:164:Infinity":16,"s:165:18:174:Infinity":36}}}
,"C:\\Users\\usuario\\Desktop\\HuertoHogar-React\\HuertoHogar-react\\src\\pages\\Contacto.jsx": {"path":"C:\\Users\\usuario\\Desktop\\HuertoHogar-React\\HuertoHogar-react\\src\\pages\\Contacto.jsx","statementMap":{"0":{"start":{"line":5,"column":17},"end":{"line":84,"column":null}},"1":{"start":{"line":6,"column":26},"end":{"line":6,"column":null}},"2":{"start":{"line":7,"column":26},"end":{"line":7,"column":null}},"3":{"start":{"line":8,"column":28},"end":{"line":8,"column":null}},"4":{"start":{"line":10,"column":23},"end":{"line":20,"column":null}},"5":{"start":{"line":11,"column":4},"end":{"line":11,"column":null}},"6":{"start":{"line":13,"column":10},"end":{"line":13,"column":null}},"7":{"start":{"line":14,"column":4},"end":{"line":19,"column":null}},"8":{"start":{"line":16,"column":6},"end":{"line":16,"column":null}},"9":{"start":{"line":17,"column":6},"end":{"line":17,"column":null}},"10":{"start":{"line":18,"column":6},"end":{"line":18,"column":null}},"11":{"start":{"line":22,"column":2},"end":{"line":82,"column":null}},"12":{"start":{"line":45,"column":31},"end":{"line":45,"column":null}},"13":{"start":{"line":59,"column":31},"end":{"line":59,"column":null}},"14":{"start":{"line":73,"column":31},"end":{"line":73,"column":null}}},"fnMap":{"0":{"name":"(anonymous_0)","decl":{"start":{"line":5,"column":17},"end":{"line":5,"column":23}},"loc":{"start":{"line":5,"column":23},"end":{"line":84,"column":null}},"line":5},"1":{"name":"(anonymous_1)","decl":{"start":{"line":10,"column":23},"end":{"line":10,"column":24}},"loc":{"start":{"line":10,"column":30},"end":{"line":20,"column":null}},"line":10},"2":{"name":"(anonymous_2)","decl":{"start":{"line":45,"column":24},"end":{"line":45,"column":25}},"loc":{"start":{"line":45,"column":31},"end":{"line":45,"column":null}},"line":45},"3":{"name":"(anonymous_3)","decl":{"start":{"line":59,"column":24},"end":{"line":59,"column":25}},"loc":{"start":{"line":59,"column":31},"end":{"line":59,"column":null}},"line":59},"4":{"name":"(anonymous_4)","decl":{"start":{"line":73,"column":24},"end":{"line":73,"column":25}},"loc":{"start":{"line":73,"column":31},"end":{"line":73,"column":null}},"line":73}},"branchMap":{"0":{"loc":{"start":{"line":14,"column":4},"end":{"line":19,"column":null}},"type":"if","locations":[{"start":{"line":14,"column":4},"end":{"line":19,"column":null}},{"start":{},"end":{}}],"line":14}},"s":{"0":1,"1":18,"2":18,"3":18,"4":18,"5":3,"6":3,"7":3,"8":2,"9":2,"10":2,"11":18,"12":4,"13":4,"14":3},"f":{"0":18,"1":3,"2":4,"3":4,"4":3},"b":{"0":[2,1]},"meta":{"lastBranch":1,"lastFunction":5,"lastStatement":15,"seen":{"s:5:17:84:Infinity":0,"f:5:17:5:23":0,"s:6:26:6:Infinity":1,"s:7:26:7:Infinity":2,"s:8:28:8:Infinity":3,"s:10:23:20:Infinity":4,"f:10:23:10:24":1,"s:11:4:11:Infinity":5,"s:13:10:13:Infinity":6,"b:14:4:19:Infinity:undefined:undefined:undefined:undefined":0,"s:14:4:19:Infinity":7,"s:16:6:16:Infinity":8,"s:17:6:17:Infinity":9,"s:18:6:18:Infinity":10,"s:22:2:82:Infinity":11,"f:45:24:45:25":2,"s:45:31:45:Infinity":12,"f:59:24:59:25":3,"s:59:31:59:Infinity":13,"f:73:24:73:25":4,"s:73:31:73:Infinity":14}}}
,"C:\\Users\\usuario\\Desktop\\HuertoHogar-React\\HuertoHogar-react\\src\\pages\\Home.jsx": {"path":"C:\\Users\\usuario\\Desktop\\HuertoHogar-React\\HuertoHogar-react\\src\\pages\\Home.jsx","statementMap":{"0":{"start":{"line":10,"column":2},"end":{"line":35,"column":null}},"1":{"start":{"line":24,"column":18},"end":{"line":24,"column":null}},"2":{"start":{"line":29,"column":18},"end":{"line":29,"column":null}},"3":{"start":{"line":41,"column":32},"end":{"line":43,"column":null}},"4":{"start":{"line":44,"column":54},"end":{"line":46,"column":null}},"5":{"start":{"line":49,"column":8},"end":{"line":52,"column":null}},"6":{"start":{"line":50,"column":4},"end":{"line":50,"column":null}},"7":{"start":{"line":55,"column":27},"end":{"line":61,"column":null}},"8":{"start":{"line":56,"column":10},"end":{"line":58,"column":null}},"9":{"start":{"line":57,"column":11},"end":{"line":57,"column":null}},"10":{"start":{"line":59,"column":4},"end":{"line":59,"column":null}},"11":{"start":{"line":60,"column":4},"end":{"line":60,"column":null}},"12":{"start":{"line":64,"column":22},"end":{"line":67,"column":null}},"13":{"start":{"line":65,"column":4},"end":{"line":65,"column":null}},"14":{"start":{"line":66,"column":4},"end":{"line":66,"column":null}},"15":{"start":{"line":69,"column":30},"end":{"line":75,"column":null}},"16":{"start":{"line":70,"column":4},"end":{"line":70,"column":null}},"17":{"start":{"line":71,"column":4},"end":{"line":74,"column":null}},"18":{"start":{"line":77,"column":2},"end":{"line":177,"column":null}},"19":{"start":{"line":136,"column":14},"end":{"line":144,"column":null}}},"fnMap":{"0":{"name":"ProductCard","decl":{"start":{"line":9,"column":9},"end":{"line":9,"column":21}},"loc":{"start":{"line":9,"column":68},"end":{"line":37,"column":null}},"line":9},"1":{"name":"(anonymous_1)","decl":{"start":{"line":24,"column":12},"end":{"line":24,"column":18}},"loc":{"start":{"line":24,"column":18},"end":{"line":24,"column":null}},"line":24},"2":{"name":"(anonymous_2)","decl":{"start":{"line":29,"column":12},"end":{"line":29,"column":18}},"loc":{"start":{"line":29,"column":18},"end":{"line":29,"column":null}},"line":29},"3":{"name":"Home","decl":{"start":{"line":39,"column":9},"end":{"line":39,"column":16}},"loc":{"start":{"line":39,"column":16},"end":{"line":179,"column":null}},"line":39},"4":{"name":"(anonymous_4)","decl":{"start":{"line":50,"column":4},"end":{"line":50,"column":10}},"loc":{"start":{"line":50,"column":4},"end":{"line":50,"column":null}},"line":50},"5":{"name":"(anonymous_5)","decl":{"start":{"line":55,"column":27},"end":{"line":55,"column":28}},"loc":{"start":{"line":55,"column":35},"end":{"line":61,"column":null}},"line":55},"6":{"name":"(anonymous_6)","decl":{"start":{"line":57,"column":6},"end":{"line":57,"column":11}},"loc":{"start":{"line":57,"column":11},"end":{"line":57,"column":null}},"line":57},"7":{"name":"(anonymous_7)","decl":{"start":{"line":64,"column":22},"end":{"line":64,"column":28}},"loc":{"start":{"line":64,"column":28},"end":{"line":67,"column":null}},"line":64},"8":{"name":"(anonymous_8)","decl":{"start":{"line":69,"column":30},"end":{"line":69,"column":31}},"loc":{"start":{"line":69,"column":38},"end":{"line":75,"column":null}},"line":69},"9":{"name":"(anonymous_9)","decl":{"start":{"line":135,"column":12},"end":{"line":135,"column":null}},"loc":{"start":{"line":136,"column":14},"end":{"line":144,"column":null}},"line":136}},"branchMap":{},"s":{"0":16,"1":1,"2":1,"3":4,"4":4,"5":4,"6":3,"7":4,"8":1,"9":1,"10":1,"11":1,"12":4,"13":0,"14":0,"15":4,"16":2,"17":2,"18":4,"19":16},"f":{"0":16,"1":1,"2":1,"3":4,"4":3,"5":1,"6":1,"7":0,"8":2,"9":16},"b":{},"meta":{"lastBranch":0,"lastFunction":10,"lastStatement":20,"seen":{"f:9:9:9:21":0,"s:10:2:35:Infinity":0,"f:24:12:24:18":1,"s:24:18:24:Infinity":1,"f:29:12:29:18":2,"s:29:18:29:Infinity":2,"f:39:9:39:16":3,"s:41:32:43:Infinity":3,"s:44:54:46:Infinity":4,"s:49:8:52:Infinity":5,"f:50:4:50:10":4,"s:50:4:50:Infinity":6,"s:55:27:61:Infinity":7,"f:55:27:55:28":5,"s:56:10:58:Infinity":8,"f:57:6:57:11":6,"s:57:11:57:Infinity":9,"s:59:4:59:Infinity":10,"s:60:4:60:Infinity":11,"s:64:22:67:Infinity":12,"f:64:22:64:28":7,"s:65:4:65:Infinity":13,"s:66:4:66:Infinity":14,"s:69:30:75:Infinity":15,"f:69:30:69:31":8,"s:70:4:70:Infinity":16,"s:71:4:74:Infinity":17,"s:77:2:177:Infinity":18,"f:135:12:135:Infinity":9,"s:136:14:144:Infinity":19}}}
,"C:\\Users\\usuario\\Desktop\\HuertoHogar-React\\HuertoHogar-react\\src\\pages\\LoginClientes.jsx": {"path":"C:\\Users\\usuario\\Desktop\\HuertoHogar-React\\HuertoHogar-react\\src\\pages\\LoginClientes.jsx","statementMap":{"0":{"start":{"line":21,"column":26},"end":{"line":21,"column":null}},"1":{"start":{"line":22,"column":34},"end":{"line":22,"column":null}},"2":{"start":{"line":23,"column":8},"end":{"line":23,"column":null}},"3":{"start":{"line":25,"column":29},"end":{"line":97,"column":null}},"4":{"start":{"line":26,"column":4},"end":{"line":26,"column":null}},"5":{"start":{"line":29,"column":10},"end":{"line":29,"column":null}},"6":{"start":{"line":30,"column":4},"end":{"line":41,"column":null}},"7":{"start":{"line":31,"column":6},"end":{"line":39,"column":null}},"8":{"start":{"line":34,"column":33},"end":{"line":34,"column":41}},"9":{"start":{"line":40,"column":6},"end":{"line":40,"column":null}},"10":{"start":{"line":44,"column":10},"end":{"line":44,"column":null}},"11":{"start":{"line":45,"column":20},"end":{"line":47,"column":null}},"12":{"start":{"line":46,"column":13},"end":{"line":46,"column":null}},"13":{"start":{"line":50,"column":4},"end":{"line":61,"column":null}},"14":{"start":{"line":51,"column":6},"end":{"line":59,"column":null}},"15":{"start":{"line":60,"column":6},"end":{"line":60,"column":null}},"16":{"start":{"line":64,"column":10},"end":{"line":64,"column":null}},"17":{"start":{"line":65,"column":4},"end":{"line":76,"column":null}},"18":{"start":{"line":66,"column":6},"end":{"line":74,"column":null}},"19":{"start":{"line":75,"column":6},"end":{"line":75,"column":null}},"20":{"start":{"line":79,"column":4},"end":{"line":79,"column":null}},"21":{"start":{"line":82,"column":4},"end":{"line":90,"column":null}},"22":{"start":{"line":93,"column":4},"end":{"line":96,"column":null}},"23":{"start":{"line":94,"column":6},"end":{"line":94,"column":null}},"24":{"start":{"line":95,"column":6},"end":{"line":95,"column":null}},"25":{"start":{"line":99,"column":2},"end":{"line":170,"column":null}},"26":{"start":{"line":127,"column":33},"end":{"line":127,"column":null}},"27":{"start":{"line":137,"column":33},"end":{"line":137,"column":null}}},"fnMap":{"0":{"name":"LoginCliente","decl":{"start":{"line":20,"column":24},"end":{"line":20,"column":39}},"loc":{"start":{"line":20,"column":39},"end":{"line":172,"column":null}},"line":20},"1":{"name":"(anonymous_1)","decl":{"start":{"line":25,"column":29},"end":{"line":25,"column":30}},"loc":{"start":{"line":25,"column":36},"end":{"line":97,"column":null}},"line":25},"2":{"name":"(anonymous_2)","decl":{"start":{"line":34,"column":26},"end":{"line":34,"column":27}},"loc":{"start":{"line":34,"column":33},"end":{"line":34,"column":41}},"line":34},"3":{"name":"(anonymous_3)","decl":{"start":{"line":46,"column":6},"end":{"line":46,"column":7}},"loc":{"start":{"line":46,"column":13},"end":{"line":46,"column":null}},"line":46},"4":{"name":"(anonymous_4)","decl":{"start":{"line":93,"column":15},"end":{"line":93,"column":21}},"loc":{"start":{"line":93,"column":21},"end":{"line":96,"column":7}},"line":93},"5":{"name":"(anonymous_5)","decl":{"start":{"line":127,"column":26},"end":{"line":127,"column":27}},"loc":{"start":{"line":127,"column":33},"end":{"line":127,"column":null}},"line":127},"6":{"name":"(anonymous_6)","decl":{"start":{"line":137,"column":26},"end":{"line":137,"column":27}},"loc":{"start":{"line":137,"column":33},"end":{"line":137,"column":null}},"line":137}},"branchMap":{"0":{"loc":{"start":{"line":30,"column":4},"end":{"line":41,"column":null}},"type":"if","locations":[{"start":{"line":30,"column":4},"end":{"line":41,"column":null}},{"start":{},"end":{}}],"line":30},"1":{"loc":{"start":{"line":46,"column":13},"end":{"line":46,"column":null}},"type":"binary-expr","locations":[{"start":{"line":46,"column":13},"end":{"line":46,"column":36}},{"start":{"line":46,"column":36},"end":{"line":46,"column":null}}],"line":46},"2":{"loc":{"start":{"line":50,"column":4},"end":{"line":61,"column":null}},"type":"if","locations":[{"start":{"line":50,"column":4},"end":{"line":61,"column":null}},{"start":{},"end":{}}],"line":50},"3":{"loc":{"start":{"line":65,"column":4},"end":{"line":76,"column":null}},"type":"if","locations":[{"start":{"line":65,"column":4},"end":{"line":76,"column":null}},{"start":{},"end":{}}],"line":65}},"s":{"0":10,"1":10,"2":10,"3":10,"4":4,"5":4,"6":4,"7":1,"8":2,"9":1,"10":3,"11":3,"12":3,"13":3,"14":1,"15":1,"16":2,"17":2,"18":1,"19":1,"20":1,"21":1,"22":1,"23":1,"24":1,"25":10,"26":3,"27":3},"f":{"0":10,"1":4,"2":2,"3":3,"4":1,"5":3,"6":3},"b":{"0":[1,3],"1":[3,2],"2":[1,2],"3":[1,1]},"meta":{"lastBranch":4,"lastFunction":7,"lastStatement":28,"seen":{"f:20:24:20:39":0,"s:21:26:21:Infinity":0,"s:22:34:22:Infinity":1,"s:23:8:23:Infinity":2,"s:25:29:97:Infinity":3,"f:25:29:25:30":1,"s:26:4:26:Infinity":4,"s:29:10:29:Infinity":5,"b:30:4:41:Infinity:undefined:undefined:undefined:undefined":0,"s:30:4:41:Infinity":6,"s:31:6:39:Infinity":7,"f:34:26:34:27":2,"s:34:33:34:41":8,"s:40:6:40:Infinity":9,"s:44:10:44:Infinity":10,"s:45:20:47:Infinity":11,"f:46:6:46:7":3,"s:46:13:46:Infinity":12,"b:46:13:46:36:46:36:46:Infinity":1,"b:50:4:61:Infinity:undefined:undefined:undefined:undefined":2,"s:50:4:61:Infinity":13,"s:51:6:59:Infinity":14,"s:60:6:60:Infinity":15,"s:64:10:64:Infinity":16,"b:65:4:76:Infinity:undefined:undefined:undefined:undefined":3,"s:65:4:76:Infinity":17,"s:66:6:74:Infinity":18,"s:75:6:75:Infinity":19,"s:79:4:79:Infinity":20,"s:82:4:90:Infinity":21,"s:93:4:96:Infinity":22,"f:93:15:93:21":4,"s:94:6:94:Infinity":23,"s:95:6:95:Infinity":24,"s:99:2:170:Infinity":25,"f:127:26:127:27":5,"s:127:33:127:Infinity":26,"f:137:26:137:27":6,"s:137:33:137:Infinity":27}}}
,"C:\\Users\\usuario\\Desktop\\HuertoHogar-React\\HuertoHogar-react\\src\\pages\\Tienda.jsx": {"path":"C:\\Users\\usuario\\Desktop\\HuertoHogar-React\\HuertoHogar-react\\src\\pages\\Tienda.jsx","statementMap":{"0":{"start":{"line":9,"column":2},"end":{"line":34,"column":null}},"1":{"start":{"line":23,"column":18},"end":{"line":23,"column":null}},"2":{"start":{"line":28,"column":18},"end":{"line":28,"column":null}},"3":{"start":{"line":39,"column":44},"end":{"line":41,"column":null}},"4":{"start":{"line":43,"column":32},"end":{"line":45,"column":null}},"5":{"start":{"line":46,"column":54},"end":{"line":48,"column":null}},"6":{"start":{"line":49,"column":8},"end":{"line":49,"column":null}},"7":{"start":{"line":51,"column":29},"end":{"line":51,"column":null}},"8":{"start":{"line":52,"column":2},"end":{"line":65,"column":null}},"9":{"start":{"line":53,"column":12},"end":{"line":53,"column":null}},"10":{"start":{"line":57,"column":4},"end":{"line":64,"column":null}},"11":{"start":{"line":61,"column":6},"end":{"line":63,"column":null}},"12":{"start":{"line":68,"column":22},"end":{"line":74,"column":null}},"13":{"start":{"line":69,"column":21},"end":{"line":71,"column":null}},"14":{"start":{"line":70,"column":11},"end":{"line":70,"column":null}},"15":{"start":{"line":72,"column":4},"end":{"line":72,"column":null}},"16":{"start":{"line":73,"column":4},"end":{"line":73,"column":null}},"17":{"start":{"line":77,"column":22},"end":{"line":80,"column":null}},"18":{"start":{"line":78,"column":4},"end":{"line":78,"column":null}},"19":{"start":{"line":79,"column":4},"end":{"line":79,"column":null}},"20":{"start":{"line":82,"column":25},"end":{"line":88,"column":null}},"21":{"start":{"line":83,"column":4},"end":{"line":83,"column":null}},"22":{"start":{"line":84,"column":4},"end":{"line":87,"column":null}},"23":{"start":{"line":89,"column":2},"end":{"line":154,"column":null}},"24":{"start":{"line":103,"column":23},"end":{"line":103,"column":null}},"25":{"start":{"line":111,"column":18},"end":{"line":115,"column":null}},"26":{"start":{"line":125,"column":14},"end":{"line":133,"column":null}}},"fnMap":{"0":{"name":"ProductCard","decl":{"start":{"line":8,"column":9},"end":{"line":8,"column":21}},"loc":{"start":{"line":8,"column":68},"end":{"line":36,"column":null}},"line":8},"1":{"name":"(anonymous_1)","decl":{"start":{"line":23,"column":12},"end":{"line":23,"column":18}},"loc":{"start":{"line":23,"column":18},"end":{"line":23,"column":null}},"line":23},"2":{"name":"(anonymous_2)","decl":{"start":{"line":28,"column":12},"end":{"line":28,"column":18}},"loc":{"start":{"line":28,"column":18},"end":{"line":28,"column":null}},"line":28},"3":{"name":"Tienda","decl":{"start":{"line":38,"column":9},"end":{"line":38,"column":18}},"loc":{"start":{"line":38,"column":18},"end":{"line":156,"column":null}},"line":38},"4":{"name":"(anonymous_4)","decl":{"start":{"line":68,"column":22},"end":{"line":68,"column":23}},"loc":{"start":{"line":68,"column":30},"end":{"line":74,"column":null}},"line":68},"5":{"name":"(anonymous_5)","decl":{"start":{"line":70,"column":6},"end":{"line":70,"column":11}},"loc":{"start":{"line":70,"column":11},"end":{"line":70,"column":null}},"line":70},"6":{"name":"(anonymous_6)","decl":{"start":{"line":77,"column":22},"end":{"line":77,"column":28}},"loc":{"start":{"line":77,"column":28},"end":{"line":80,"column":null}},"line":77},"7":{"name":"(anonymous_7)","decl":{"start":{"line":82,"column":25},"end":{"line":82,"column":26}},"loc":{"start":{"line":82,"column":33},"end":{"line":88,"column":null}},"line":82},"8":{"name":"(anonymous_8)","decl":{"start":{"line":103,"column":16},"end":{"line":103,"column":17}},"loc":{"start":{"line":103,"column":23},"end":{"line":103,"column":null}},"line":103},"9":{"name":"(anonymous_9)","decl":{"start":{"line":110,"column":16},"end":{"line":110,"column":null}},"loc":{"start":{"line":111,"column":18},"end":{"line":115,"column":null}},"line":111},"10":{"name":"(anonymous_10)","decl":{"start":{"line":124,"column":12},"end":{"line":124,"column":null}},"loc":{"start":{"line":125,"column":14},"end":{"line":133,"column":null}},"line":125}},"branchMap":{"0":{"loc":{"start":{"line":57,"column":4},"end":{"line":64,"column":null}},"type":"if","locations":[{"start":{"line":57,"column":4},"end":{"line":64,"column":null}},{"start":{},"end":{}}],"line":57},"1":{"loc":{"start":{"line":58,"column":6},"end":{"line":59,"column":null}},"type":"binary-expr","locations":[{"start":{"line":58,"column":6},"end":{"line":58,"column":null}},{"start":{"line":59,"column":6},"end":{"line":59,"column":null}}],"line":58}},"s":{"0":11,"1":1,"2":1,"3":6,"4":6,"5":6,"6":6,"7":6,"8":6,"9":6,"10":12,"11":11,"12":6,"13":1,"14":1,"15":1,"16":1,"17":6,"18":0,"19":0,"20":6,"21":1,"22":1,"23":6,"24":1,"25":12,"26":11},"f":{"0":11,"1":1,"2":1,"3":6,"4":1,"5":1,"6":0,"7":1,"8":1,"9":12,"10":11},"b":{"0":[11,1],"1":[12,2]},"meta":{"lastBranch":2,"lastFunction":11,"lastStatement":27,"seen":{"f:8:9:8:21":0,"s:9:2:34:Infinity":0,"f:23:12:23:18":1,"s:23:18:23:Infinity":1,"f:28:12:28:18":2,"s:28:18:28:Infinity":2,"f:38:9:38:18":3,"s:39:44:41:Infinity":3,"s:43:32:45:Infinity":4,"s:46:54:48:Infinity":5,"s:49:8:49:Infinity":6,"s:51:29:51:Infinity":7,"s:52:2:65:Infinity":8,"s:53:12:53:Infinity":9,"b:57:4:64:Infinity:undefined:undefined:undefined:undefined":0,"s:57:4:64:Infinity":10,"b:58:6:58:Infinity:59:6:59:Infinity":1,"s:61:6:63:Infinity":11,"s:68:22:74:Infinity":12,"f:68:22:68:23":4,"s:69:21:71:Infinity":13,"f:70:6:70:11":5,"s:70:11:70:Infinity":14,"s:72:4:72:Infinity":15,"s:73:4:73:Infinity":16,"s:77:22:80:Infinity":17,"f:77:22:77:28":6,"s:78:4:78:Infinity":18,"s:79:4:79:Infinity":19,"s:82:25:88:Infinity":20,"f:82:25:82:26":7,"s:83:4:83:Infinity":21,"s:84:4:87:Infinity":22,"s:89:2:154:Infinity":23,"f:103:16:103:17":8,"s:103:23:103:Infinity":24,"f:110:16:110:Infinity":9,"s:111:18:115:Infinity":25,"f:124:12:124:Infinity":10,"s:125:14:133:Infinity":26}}}
}
