{"C:\\Users\\Gorbash\\Documents\\FullStack2\\HuertoHogar-react\\public\\js\\carrito.js": {"path":"C:\\Users\\Gorbash\\Documents\\FullStack2\\HuertoHogar-react\\public\\js\\carrito.js","statementMap":{"0":{"start":{"line":2,"column":18},"end":{"line":2,"column":49}},"1":{"start":{"line":3,"column":2},"end":{"line":3,"column":44}},"2":{"start":{"line":7,"column":2},"end":{"line":7,"column":59}},"3":{"start":{"line":11,"column":18},"end":{"line":11,"column":34}},"4":{"start":{"line":12,"column":24},"end":{"line":12,"column":68}},"5":{"start":{"line":12,"column":45},"end":{"line":12,"column":67}},"6":{"start":{"line":14,"column":2},"end":{"line":18,"column":3}},"7":{"start":{"line":15,"column":4},"end":{"line":15,"column":32}},"8":{"start":{"line":17,"column":4},"end":{"line":17,"column":50}},"9":{"start":{"line":20,"column":2},"end":{"line":20,"column":26}},"10":{"start":{"line":21,"column":2},"end":{"line":21,"column":56}},"11":{"start":{"line":25,"column":18},"end":{"line":25,"column":34}},"12":{"start":{"line":26,"column":20},"end":{"line":26,"column":69}},"13":{"start":{"line":26,"column":46},"end":{"line":26,"column":68}},"14":{"start":{"line":28,"column":2},"end":{"line":34,"column":3}},"15":{"start":{"line":29,"column":4},"end":{"line":33,"column":5}},"16":{"start":{"line":30,"column":6},"end":{"line":30,"column":39}},"17":{"start":{"line":32,"column":6},"end":{"line":32,"column":35}},"18":{"start":{"line":36,"column":2},"end":{"line":36,"column":26}},"19":{"start":{"line":37,"column":2},"end":{"line":37,"column":56}},"20":{"start":{"line":41,"column":18},"end":{"line":41,"column":34}},"21":{"start":{"line":42,"column":20},"end":{"line":42,"column":69}},"22":{"start":{"line":42,"column":46},"end":{"line":42,"column":68}},"23":{"start":{"line":44,"column":2},"end":{"line":46,"column":3}},"24":{"start":{"line":45,"column":4},"end":{"line":45,"column":33}},"25":{"start":{"line":48,"column":2},"end":{"line":48,"column":26}},"26":{"start":{"line":49,"column":2},"end":{"line":49,"column":56}},"27":{"start":{"line":53,"column":2},"end":{"line":53,"column":37}},"28":{"start":{"line":54,"column":2},"end":{"line":54,"column":56}},"29":{"start":{"line":58,"column":18},"end":{"line":58,"column":34}},"30":{"start":{"line":59,"column":2},"end":{"line":59,"column":67}},"31":{"start":{"line":59,"column":41},"end":{"line":59,"column":62}}},"fnMap":{"0":{"name":"obtenerCarrito","decl":{"start":{"line":1,"column":16},"end":{"line":1,"column":30}},"loc":{"start":{"line":1,"column":33},"end":{"line":4,"column":1}},"line":1},"1":{"name":"guardarCarrito","decl":{"start":{"line":6,"column":16},"end":{"line":6,"column":30}},"loc":{"start":{"line":6,"column":40},"end":{"line":8,"column":1}},"line":6},"2":{"name":"agregarAlCarrito","decl":{"start":{"line":10,"column":16},"end":{"line":10,"column":32}},"loc":{"start":{"line":10,"column":45},"end":{"line":22,"column":1}},"line":10},"3":{"name":"(anonymous_3)","decl":{"start":{"line":12,"column":37},"end":{"line":12,"column":41}},"loc":{"start":{"line":12,"column":45},"end":{"line":12,"column":67}},"line":12},"4":{"name":"quitarDelCarrito","decl":{"start":{"line":24,"column":16},"end":{"line":24,"column":32}},"loc":{"start":{"line":24,"column":45},"end":{"line":38,"column":1}},"line":24},"5":{"name":"(anonymous_5)","decl":{"start":{"line":26,"column":38},"end":{"line":26,"column":42}},"loc":{"start":{"line":26,"column":46},"end":{"line":26,"column":68}},"line":26},"6":{"name":"eliminarDelCarrito","decl":{"start":{"line":40,"column":16},"end":{"line":40,"column":34}},"loc":{"start":{"line":40,"column":47},"end":{"line":50,"column":1}},"line":40},"7":{"name":"(anonymous_7)","decl":{"start":{"line":42,"column":38},"end":{"line":42,"column":42}},"loc":{"start":{"line":42,"column":46},"end":{"line":42,"column":68}},"line":42},"8":{"name":"vaciarCarrito","decl":{"start":{"line":52,"column":16},"end":{"line":52,"column":29}},"loc":{"start":{"line":52,"column":32},"end":{"line":55,"column":1}},"line":52},"9":{"name":"obtenerCantidadTotal","decl":{"start":{"line":57,"column":16},"end":{"line":57,"column":36}},"loc":{"start":{"line":57,"column":39},"end":{"line":60,"column":null}},"line":57},"10":{"name":"(anonymous_10)","decl":{"start":{"line":59,"column":24},"end":{"line":59,"column":25}},"loc":{"start":{"line":59,"column":41},"end":{"line":59,"column":62}},"line":59}},"branchMap":{"0":{"loc":{"start":{"line":3,"column":9},"end":{"line":3,"column":43}},"type":"cond-expr","locations":[{"start":{"line":3,"column":19},"end":{"line":3,"column":38}},{"start":{"line":3,"column":41},"end":{"line":3,"column":43}}],"line":3},"1":{"loc":{"start":{"line":14,"column":2},"end":{"line":18,"column":3}},"type":"if","locations":[{"start":{"line":14,"column":2},"end":{"line":18,"column":3}},{"start":{"line":16,"column":9},"end":{"line":18,"column":3}}],"line":14},"2":{"loc":{"start":{"line":28,"column":2},"end":{"line":34,"column":3}},"type":"if","locations":[{"start":{"line":28,"column":2},"end":{"line":34,"column":3}},{"start":{},"end":{}}],"line":28},"3":{"loc":{"start":{"line":29,"column":4},"end":{"line":33,"column":5}},"type":"if","locations":[{"start":{"line":29,"column":4},"end":{"line":33,"column":5}},{"start":{"line":31,"column":11},"end":{"line":33,"column":5}}],"line":29},"4":{"loc":{"start":{"line":44,"column":2},"end":{"line":46,"column":3}},"type":"if","locations":[{"start":{"line":44,"column":2},"end":{"line":46,"column":3}},{"start":{},"end":{}}],"line":44}},"s":{"0":4,"1":4,"2":2,"3":1,"4":1,"5":0,"6":1,"7":0,"8":1,"9":1,"10":1,"11":0,"12":0,"13":0,"14":0,"15":0,"16":0,"17":0,"18":0,"19":0,"20":1,"21":1,"22":1,"23":1,"24":1,"25":1,"26":1,"27":1,"28":1,"29":0,"30":0,"31":0},"f":{"0":4,"1":2,"2":1,"3":0,"4":0,"5":0,"6":1,"7":1,"8":1,"9":0,"10":0},"b":{"0":[3,1],"1":[0,1],"2":[0,0],"3":[0,0],"4":[1,0]},"meta":{"lastBranch":5,"lastFunction":11,"lastStatement":32,"seen":{"f:1:16:1:30":0,"s:2:18:2:49":0,"s:3:2:3:44":1,"b:3:19:3:38:3:41:3:43":0,"f:6:16:6:30":1,"s:7:2:7:59":2,"f:10:16:10:32":2,"s:11:18:11:34":3,"s:12:24:12:68":4,"f:12:37:12:41":3,"s:12:45:12:67":5,"b:14:2:18:3:16:9:18:3":1,"s:14:2:18:3":6,"s:15:4:15:32":7,"s:17:4:17:50":8,"s:20:2:20:26":9,"s:21:2:21:56":10,"f:24:16:24:32":4,"s:25:18:25:34":11,"s:26:20:26:69":12,"f:26:38:26:42":5,"s:26:46:26:68":13,"b:28:2:34:3:undefined:undefined:undefined:undefined":2,"s:28:2:34:3":14,"b:29:4:33:5:31:11:33:5":3,"s:29:4:33:5":15,"s:30:6:30:39":16,"s:32:6:32:35":17,"s:36:2:36:26":18,"s:37:2:37:56":19,"f:40:16:40:34":6,"s:41:18:41:34":20,"s:42:20:42:69":21,"f:42:38:42:42":7,"s:42:46:42:68":22,"b:44:2:46:3:undefined:undefined:undefined:undefined":4,"s:44:2:46:3":23,"s:45:4:45:33":24,"s:48:2:48:26":25,"s:49:2:49:56":26,"f:52:16:52:29":8,"s:53:2:53:37":27,"s:54:2:54:56":28,"f:57:16:57:36":9,"s:58:18:58:34":29,"s:59:2:59:67":30,"f:59:24:59:25":10,"s:59:41:59:62":31}}}
,"C:\\Users\\Gorbash\\Documents\\FullStack2\\HuertoHogar-react\\public\\js\\productos_catalogo.js": {"path":"C:\\Users\\Gorbash\\Documents\\FullStack2\\HuertoHogar-react\\public\\js\\productos_catalogo.js","statementMap":{"0":{"start":{"line":1,"column":25},"end":{"line":34,"column":1}},"1":{"start":{"line":37,"column":16},"end":{"line":37,"column":26}},"2":{"start":{"line":38,"column":20},"end":{"line":38,"column":22}},"3":{"start":{"line":39,"column":2},"end":{"line":43,"column":3}},"4":{"start":{"line":39,"column":15},"end":{"line":39,"column":16}},"5":{"start":{"line":40,"column":16},"end":{"line":40,"column":56}},"6":{"start":{"line":41,"column":4},"end":{"line":41,"column":31}},"7":{"start":{"line":42,"column":4},"end":{"line":42,"column":25}},"8":{"start":{"line":44,"column":2},"end":{"line":44,"column":19}},"9":{"start":{"line":48,"column":20},"end":{"line":48,"column":22}},"10":{"start":{"line":49,"column":2},"end":{"line":53,"column":3}},"11":{"start":{"line":49,"column":15},"end":{"line":49,"column":16}},"12":{"start":{"line":50,"column":4},"end":{"line":52,"column":5}},"13":{"start":{"line":51,"column":6},"end":{"line":51,"column":35}},"14":{"start":{"line":54,"column":2},"end":{"line":54,"column":19}},"15":{"start":{"line":57,"column":26},"end":{"line":62,"column":1}},"16":{"start":{"line":65,"column":2},"end":{"line":65,"column":20}},"17":{"start":{"line":69,"column":2},"end":{"line":69,"column":25}},"18":{"start":{"line":69,"column":13},"end":{"line":69,"column":25}},"19":{"start":{"line":70,"column":15},"end":{"line":70,"column":95}},"20":{"start":{"line":70,"column":35},"end":{"line":70,"column":94}},"21":{"start":{"line":71,"column":2},"end":{"line":71,"column":31}}},"fnMap":{"0":{"name":"getProductoRandom","decl":{"start":{"line":36,"column":16},"end":{"line":36,"column":33}},"loc":{"start":{"line":36,"column":55},"end":{"line":45,"column":1}},"line":36},"1":{"name":"getProductosByCategoria","decl":{"start":{"line":47,"column":16},"end":{"line":47,"column":39}},"loc":{"start":{"line":47,"column":51},"end":{"line":55,"column":1}},"line":47},"2":{"name":"getCategorias","decl":{"start":{"line":64,"column":16},"end":{"line":64,"column":29}},"loc":{"start":{"line":64,"column":32},"end":{"line":66,"column":1}},"line":64},"3":{"name":"findProductIdByName","decl":{"start":{"line":68,"column":16},"end":{"line":68,"column":35}},"loc":{"start":{"line":68,"column":42},"end":{"line":72,"column":1}},"line":68},"4":{"name":"(anonymous_4)","decl":{"start":{"line":70,"column":30},"end":{"line":70,"column":31}},"loc":{"start":{"line":70,"column":35},"end":{"line":70,"column":94}},"line":70}},"branchMap":{"0":{"loc":{"start":{"line":36,"column":41},"end":{"line":36,"column":53}},"type":"default-arg","locations":[{"start":{"line":36,"column":52},"end":{"line":36,"column":53}}],"line":36},"1":{"loc":{"start":{"line":39,"column":18},"end":{"line":39,"column":46}},"type":"binary-expr","locations":[{"start":{"line":39,"column":18},"end":{"line":39,"column":30}},{"start":{"line":39,"column":34},"end":{"line":39,"column":46}}],"line":39},"2":{"loc":{"start":{"line":50,"column":4},"end":{"line":52,"column":5}},"type":"if","locations":[{"start":{"line":50,"column":4},"end":{"line":52,"column":5}},{"start":{},"end":{}}],"line":50},"3":{"loc":{"start":{"line":69,"column":2},"end":{"line":69,"column":25}},"type":"if","locations":[{"start":{"line":69,"column":2},"end":{"line":69,"column":25}},{"start":{},"end":{}}],"line":69},"4":{"loc":{"start":{"line":71,"column":9},"end":{"line":71,"column":30}},"type":"cond-expr","locations":[{"start":{"line":71,"column":16},"end":{"line":71,"column":23}},{"start":{"line":71,"column":26},"end":{"line":71,"column":30}}],"line":71}},"s":{"0":1,"1":0,"2":0,"3":0,"4":0,"5":0,"6":0,"7":0,"8":0,"9":4,"10":4,"11":4,"12":128,"13":16,"14":4,"15":1,"16":0,"17":0,"18":0,"19":0,"20":0,"21":0},"f":{"0":0,"1":4,"2":0,"3":0,"4":0},"b":{"0":[0],"1":[0,0],"2":[16,112],"3":[0,0],"4":[0,0]},"meta":{"lastBranch":5,"lastFunction":5,"lastStatement":22,"seen":{"s:1:25:34:1":0,"f:36:16:36:33":0,"b:36:52:36:53":0,"s:37:16:37:26":1,"s:38:20:38:22":2,"s:39:2:43:3":3,"s:39:15:39:16":4,"b:39:18:39:30:39:34:39:46":1,"s:40:16:40:56":5,"s:41:4:41:31":6,"s:42:4:42:25":7,"s:44:2:44:19":8,"f:47:16:47:39":1,"s:48:20:48:22":9,"s:49:2:53:3":10,"s:49:15:49:16":11,"b:50:4:52:5:undefined:undefined:undefined:undefined":2,"s:50:4:52:5":12,"s:51:6:51:35":13,"s:54:2:54:19":14,"s:57:26:62:1":15,"f:64:16:64:29":2,"s:65:2:65:20":16,"f:68:16:68:35":3,"b:69:2:69:25:undefined:undefined:undefined:undefined":3,"s:69:2:69:25":17,"s:69:13:69:25":18,"s:70:15:70:95":19,"f:70:30:70:31":4,"s:70:35:70:94":20,"s:71:2:71:31":21,"b:71:16:71:23:71:26:71:30":4}}}
,"C:\\Users\\Gorbash\\Documents\\FullStack2\\HuertoHogar-react\\src\\css\\login-clientes.css": {"path":"C:\\Users\\Gorbash\\Documents\\FullStack2\\HuertoHogar-react\\src\\css\\login-clientes.css","statementMap":{},"fnMap":{},"branchMap":{},"s":{},"f":{},"b":{},"meta":{"lastBranch":0,"lastFunction":0,"lastStatement":0,"seen":{}}}
,"C:\\Users\\Gorbash\\Documents\\FullStack2\\HuertoHogar-react\\src\\pages\\LoginClientes.jsx": {"path":"C:\\Users\\Gorbash\\Documents\\FullStack2\\HuertoHogar-react\\src\\pages\\LoginClientes.jsx","statementMap":{"0":{"start":{"line":21,"column":26},"end":{"line":21,"column":null}},"1":{"start":{"line":22,"column":34},"end":{"line":22,"column":null}},"2":{"start":{"line":23,"column":8},"end":{"line":23,"column":null}},"3":{"start":{"line":25,"column":29},"end":{"line":97,"column":null}},"4":{"start":{"line":26,"column":4},"end":{"line":26,"column":null}},"5":{"start":{"line":29,"column":10},"end":{"line":29,"column":null}},"6":{"start":{"line":30,"column":4},"end":{"line":41,"column":null}},"7":{"start":{"line":31,"column":6},"end":{"line":39,"column":null}},"8":{"start":{"line":34,"column":33},"end":{"line":34,"column":41}},"9":{"start":{"line":40,"column":6},"end":{"line":40,"column":null}},"10":{"start":{"line":44,"column":10},"end":{"line":44,"column":null}},"11":{"start":{"line":45,"column":20},"end":{"line":47,"column":null}},"12":{"start":{"line":46,"column":13},"end":{"line":46,"column":null}},"13":{"start":{"line":50,"column":4},"end":{"line":61,"column":null}},"14":{"start":{"line":51,"column":6},"end":{"line":59,"column":null}},"15":{"start":{"line":60,"column":6},"end":{"line":60,"column":null}},"16":{"start":{"line":64,"column":10},"end":{"line":64,"column":null}},"17":{"start":{"line":65,"column":4},"end":{"line":76,"column":null}},"18":{"start":{"line":66,"column":6},"end":{"line":74,"column":null}},"19":{"start":{"line":75,"column":6},"end":{"line":75,"column":null}},"20":{"start":{"line":79,"column":4},"end":{"line":79,"column":null}},"21":{"start":{"line":82,"column":4},"end":{"line":90,"column":null}},"22":{"start":{"line":93,"column":4},"end":{"line":96,"column":null}},"23":{"start":{"line":94,"column":6},"end":{"line":94,"column":null}},"24":{"start":{"line":95,"column":6},"end":{"line":95,"column":null}},"25":{"start":{"line":99,"column":2},"end":{"line":170,"column":null}},"26":{"start":{"line":127,"column":33},"end":{"line":127,"column":null}},"27":{"start":{"line":137,"column":33},"end":{"line":137,"column":null}}},"fnMap":{"0":{"name":"LoginCliente","decl":{"start":{"line":20,"column":24},"end":{"line":20,"column":39}},"loc":{"start":{"line":20,"column":39},"end":{"line":172,"column":null}},"line":20},"1":{"name":"(anonymous_1)","decl":{"start":{"line":25,"column":29},"end":{"line":25,"column":30}},"loc":{"start":{"line":25,"column":36},"end":{"line":97,"column":null}},"line":25},"2":{"name":"(anonymous_2)","decl":{"start":{"line":34,"column":26},"end":{"line":34,"column":27}},"loc":{"start":{"line":34,"column":33},"end":{"line":34,"column":41}},"line":34},"3":{"name":"(anonymous_3)","decl":{"start":{"line":46,"column":6},"end":{"line":46,"column":7}},"loc":{"start":{"line":46,"column":13},"end":{"line":46,"column":null}},"line":46},"4":{"name":"(anonymous_4)","decl":{"start":{"line":93,"column":15},"end":{"line":93,"column":21}},"loc":{"start":{"line":93,"column":21},"end":{"line":96,"column":7}},"line":93},"5":{"name":"(anonymous_5)","decl":{"start":{"line":127,"column":26},"end":{"line":127,"column":27}},"loc":{"start":{"line":127,"column":33},"end":{"line":127,"column":null}},"line":127},"6":{"name":"(anonymous_6)","decl":{"start":{"line":137,"column":26},"end":{"line":137,"column":27}},"loc":{"start":{"line":137,"column":33},"end":{"line":137,"column":null}},"line":137}},"branchMap":{"0":{"loc":{"start":{"line":30,"column":4},"end":{"line":41,"column":null}},"type":"if","locations":[{"start":{"line":30,"column":4},"end":{"line":41,"column":null}},{"start":{},"end":{}}],"line":30},"1":{"loc":{"start":{"line":46,"column":13},"end":{"line":46,"column":null}},"type":"binary-expr","locations":[{"start":{"line":46,"column":13},"end":{"line":46,"column":36}},{"start":{"line":46,"column":36},"end":{"line":46,"column":null}}],"line":46},"2":{"loc":{"start":{"line":50,"column":4},"end":{"line":61,"column":null}},"type":"if","locations":[{"start":{"line":50,"column":4},"end":{"line":61,"column":null}},{"start":{},"end":{}}],"line":50},"3":{"loc":{"start":{"line":65,"column":4},"end":{"line":76,"column":null}},"type":"if","locations":[{"start":{"line":65,"column":4},"end":{"line":76,"column":null}},{"start":{},"end":{}}],"line":65}},"s":{"0":10,"1":10,"2":10,"3":10,"4":4,"5":4,"6":4,"7":1,"8":2,"9":1,"10":3,"11":3,"12":3,"13":3,"14":1,"15":1,"16":2,"17":2,"18":1,"19":1,"20":1,"21":1,"22":1,"23":1,"24":1,"25":10,"26":3,"27":3},"f":{"0":10,"1":4,"2":2,"3":3,"4":1,"5":3,"6":3},"b":{"0":[1,3],"1":[3,2],"2":[1,2],"3":[1,1]},"meta":{"lastBranch":4,"lastFunction":7,"lastStatement":28,"seen":{"f:20:24:20:39":0,"s:21:26:21:Infinity":0,"s:22:34:22:Infinity":1,"s:23:8:23:Infinity":2,"s:25:29:97:Infinity":3,"f:25:29:25:30":1,"s:26:4:26:Infinity":4,"s:29:10:29:Infinity":5,"b:30:4:41:Infinity:undefined:undefined:undefined:undefined":0,"s:30:4:41:Infinity":6,"s:31:6:39:Infinity":7,"f:34:26:34:27":2,"s:34:33:34:41":8,"s:40:6:40:Infinity":9,"s:44:10:44:Infinity":10,"s:45:20:47:Infinity":11,"f:46:6:46:7":3,"s:46:13:46:Infinity":12,"b:46:13:46:36:46:36:46:Infinity":1,"b:50:4:61:Infinity:undefined:undefined:undefined:undefined":2,"s:50:4:61:Infinity":13,"s:51:6:59:Infinity":14,"s:60:6:60:Infinity":15,"s:64:10:64:Infinity":16,"b:65:4:76:Infinity:undefined:undefined:undefined:undefined":3,"s:65:4:76:Infinity":17,"s:66:6:74:Infinity":18,"s:75:6:75:Infinity":19,"s:79:4:79:Infinity":20,"s:82:4:90:Infinity":21,"s:93:4:96:Infinity":22,"f:93:15:93:21":4,"s:94:6:94:Infinity":23,"s:95:6:95:Infinity":24,"s:99:2:170:Infinity":25,"f:127:26:127:27":5,"s:127:33:127:Infinity":26,"f:137:26:137:27":6,"s:137:33:137:Infinity":27}}}
}
